Log file open, 08/07/17 21:28:05
LogInit:Display: Running engine for game: BuildingEscape
LogPlatformFile: Not using cached read wrapper
LogInit:Display: RandInit(1675223740) SRandInit(1675223740).
LogTaskGraph: Started task graph with 5 named threads and 8 total threads with 1 sets of task threads.
LogStats: Stats thread started at 6.806994
LogInit: Using libcurl 7.47.1
LogInit:  - built for x86_64-pc-win32
LogInit:  - supports SSL with OpenSSL/1.0.2g
LogInit:  - supports HTTP deflate (compression) using libz 1.2.8
LogInit:  - other features:
LogInit:      CURL_VERSION_SSL
LogInit:      CURL_VERSION_LIBZ
LogInit:      CURL_VERSION_IPV6
LogInit:      CURL_VERSION_ASYNCHDNS
LogInit:      CURL_VERSION_LARGEFILE
LogInit:      CURL_VERSION_IDN
LogInit:  CurlRequestOptions (configurable via config and command line):
LogInit:  - bVerifyPeer = false  - Libcurl will NOT verify peer certificate
LogInit:  - bUseHttpProxy = false  - Libcurl will NOT use HTTP proxy
LogInit:  - bDontReuseConnections = false  - Libcurl will reuse connections
LogInit:  - CertBundlePath = nullptr  - Libcurl will use whatever was configured at build time.
LogInit: Build: ++UE4+Release-4.16-CL-3561208
LogInit: Engine Version: 4.16.3-3561208+++UE4+Release-4.16
LogInit: Compatible Engine Version: 4.16.0-3452394+++UE4+Release-4.16
LogInit: Net CL: 3452394
LogDevObjectVersion: Number of dev versions registered: 16
LogDevObjectVersion:   Dev-Blueprints (B0D832E4-1F89-4F0D-ACCF-7EB736FD4AA2): 9
LogDevObjectVersion:   Dev-Build (E1C64328-A22C-4D53-A36C-8E866417BD8C): 0
LogDevObjectVersion:   Dev-Core (375EC13C-06E4-48FB-B500-84F0262A717E): 2
LogDevObjectVersion:   Dev-Editor (E4B068ED-F494-42E9-A231-DA0B2E46BB41): 17
LogDevObjectVersion:   Dev-Framework (CFFC743F-43B0-4480-9391-14DF171D2073): 23
LogDevObjectVersion:   Dev-Mobile (B02B49B5-BB20-44E9-A304-32B752E40360): 0
LogDevObjectVersion:   Dev-Networking (A4E4105C-59A1-49B5-A7C5-40C4547EDFEE): 0
LogDevObjectVersion:   Dev-Online (39C831C9-5AE6-47DC-9A44-9C173E1C8E7C): 0
LogDevObjectVersion:   Dev-Physics (78F01B33-EBEA-4F98-B9B4-84EACCB95AA2): 0
LogDevObjectVersion:   Dev-Platform (6631380F-2D4D-43E0-8009-CF276956A95A): 0
LogDevObjectVersion:   Dev-Rendering (12F88B9F-8875-4AFC-A67C-D90C383ABD29): 15
LogDevObjectVersion:   Dev-Sequencer (7B5AE74C-D270-4C10-A958-57980B212A5A): 4
LogDevObjectVersion:   Dev-VR (D7296918-1DD6-4BDD-9DE2-64A83CC13884): 0
LogDevObjectVersion:   Dev-LoadTimes (C2A15278-BFE7-4AFE-6C17-90FF531DF755): 1
LogDevObjectVersion:   Private-Geometry (6EACA3D4-40EC-4CC1-B786-8BED09428FC5): 1
LogDevObjectVersion:   Dev-AnimPhys (29E575DD-E0A3-4627-9D10-D276232CDCEA): 3
LogInit: Compiled (64-bit): Jul 28 2017 11:49:47
LogInit: Compiled with Visual C++: 19.00.24215.01
LogInit: Build Configuration: Development
LogInit: Branch Name: ++UE4+Release-4.16
LogInit: Command line:  
LogInit: Base directory: K:/Games/Games/UE_4.16/Engine/Binaries/Win64/
LogInit: Installed Engine Build: 1
LogInit: Presizing for max 8388607 objects, including 0 objects not considered by GC, pre-allocating 0 bytes for permanent pool.
LogInit: Object subsystem initialized
[2017.08.07-15.58.06:945][  0]LogInit: Selected Device Profile: [Windows]
[2017.08.07-15.58.06:945][  0]LogInit: Applying CVar settings loaded from the selected device profile: [Windows]
[2017.08.07-15.58.07:017][  0]LogInit: Computer: KARAN
[2017.08.07-15.58.07:017][  0]LogInit: User: Dhasu
[2017.08.07-15.58.07:017][  0]LogInit: CPU Page size=4096, Cores=4
[2017.08.07-15.58.07:017][  0]LogInit: High frequency timer resolution =3.417966 MHz
[2017.08.07-15.58.07:017][  0]LogMemory: Memory total: Physical=16.0GB (16GB approx)
[2017.08.07-15.58.07:017][  0]LogMemory: Platform Memory Stats for Windows
[2017.08.07-15.58.07:017][  0]LogMemory: Process Physical Memory: 274.17 MB used, 274.17 MB peak
[2017.08.07-15.58.07:017][  0]LogMemory: Process Virtual Memory: 258.74 MB used, 258.74 MB peak
[2017.08.07-15.58.07:017][  0]LogMemory: Physical Memory: 4667.55 MB used,  11665.30 MB free, 16332.85 MB total
[2017.08.07-15.58.07:017][  0]LogMemory: Virtual Memory: 636.27 MB used,  11665.30 MB free, 134217728.00 MB total
[2017.08.07-15.58.07:663][  0]LogInit: Using OS detected language (en-US).
[2017.08.07-15.58.07:663][  0]LogInit: Using OS detected locale (en-US).
[2017.08.07-15.58.07:774][  0]LogTextLocalizationManager: No specific localization for 'en-US' exists, so the 'en' localization will be used.
[2017.08.07-15.58.09:568][  0]LogD3D11RHI: D3D11 adapters:
[2017.08.07-15.58.10:221][  0]LogD3D11RHI:    0. 'NVIDIA GeForce GTX 970' (Feature Level 11_0)
[2017.08.07-15.58.10:221][  0]LogD3D11RHI:       4059/0/8166 MB DedicatedVideo/DedicatedSystem/SharedSystem, Outputs:1, VendorId:0x10de
[2017.08.07-15.58.10:222][  0]LogD3D11RHI:    1. 'Microsoft Basic Render Driver' (Feature Level 11_0)
[2017.08.07-15.58.10:222][  0]LogD3D11RHI:       0/0/8166 MB DedicatedVideo/DedicatedSystem/SharedSystem, Outputs:0, VendorId:0x1414
[2017.08.07-15.58.10:222][  0]LogD3D11RHI: Chosen D3D11 Adapter: 0
[2017.08.07-15.58.10:249][  0]LogD3D11RHI: Creating new Direct3DDevice
[2017.08.07-15.58.10:249][  0]LogD3D11RHI:     GPU DeviceId: 0x13c2 (for the marketing name, search the web for "GPU Device Id")
[2017.08.07-15.58.10:249][  0]LogWindows: EnumDisplayDevices:
[2017.08.07-15.58.10:249][  0]LogWindows:    0. 'NVIDIA GeForce GTX 970' (P:1 D:1)
[2017.08.07-15.58.10:249][  0]LogWindows:    1. 'NVIDIA GeForce GTX 970' (P:0 D:0)
[2017.08.07-15.58.10:249][  0]LogWindows:    2. 'NVIDIA GeForce GTX 970' (P:0 D:0)
[2017.08.07-15.58.10:249][  0]LogWindows:    3. 'NVIDIA GeForce GTX 970' (P:0 D:0)
[2017.08.07-15.58.10:249][  0]LogWindows: DebugString: FoundDriverCount:4 
[2017.08.07-15.58.10:249][  0]LogD3D11RHI:     Adapter Name: NVIDIA GeForce GTX 970
[2017.08.07-15.58.10:250][  0]LogD3D11RHI:   Driver Version: 381.65 (internal:22.21.13.8165, unified:381.65)
[2017.08.07-15.58.10:250][  0]LogD3D11RHI:      Driver Date: 3-31-2017
[2017.08.07-15.58.10:250][  0]LogRHI: Texture pool is 1361 MB (70% of 1945 MB)
[2017.08.07-15.58.10:979][  0]LogD3D11RHI: Async texture creation enabled
[2017.08.07-15.58.11:540][  0]LogD3D11RHI: GPU Timing Frequency: 1000.000000 (Debug: 2 1)
[2017.08.07-15.58.11:719][  0]LogShaderCompilers: Guid format shader working directory is 4 characters bigger than the processId version (../../../../../../Dhasu/Github/BuildingEscape/Intermediate/Shaders/WorkingDirectory/2720/).
[2017.08.07-15.58.11:719][  0]LogShaderCompilers: Cleaned the shader compiler working directory 'C:/Users/Karanraj/AppData/Local/Temp/UnrealShaderWorkingDir/69879E574C0B458B67C9619F1884DD49/'.
[2017.08.07-15.58.11:741][  0]LogShaderCompilers:Display: Using Local Shader Compiler.
[2017.08.07-15.58.15:096][  0]LogTemp:Display: Loaded TP AllDesktopTargetPlatform
[2017.08.07-15.58.15:144][  0]LogTemp:Display: Loaded TP MacClientTargetPlatform
[2017.08.07-15.58.15:190][  0]LogTemp:Display: Loaded TP MacNoEditorTargetPlatform
[2017.08.07-15.58.15:236][  0]LogTemp:Display: Loaded TP MacServerTargetPlatform
[2017.08.07-15.58.15:279][  0]LogTemp:Display: Loaded TP MacTargetPlatform
[2017.08.07-15.58.15:325][  0]LogTemp:Display: Loaded TP WindowsClientTargetPlatform
[2017.08.07-15.58.15:368][  0]LogTemp:Display: Loaded TP WindowsNoEditorTargetPlatform
[2017.08.07-15.58.15:410][  0]LogTemp:Display: Loaded TP WindowsServerTargetPlatform
[2017.08.07-15.58.15:447][  0]LogTemp:Display: Loaded TP WindowsTargetPlatform
[2017.08.07-15.58.15:493][  0]LogTemp:Display: Loaded TP AndroidTargetPlatform
[2017.08.07-15.58.15:534][  0]LogTemp:Display: Loaded TP Android_ASTCTargetPlatform
[2017.08.07-15.58.15:575][  0]LogTemp:Display: Loaded TP Android_ATCTargetPlatform
[2017.08.07-15.58.15:616][  0]LogTemp:Display: Loaded TP Android_DXTTargetPlatform
[2017.08.07-15.58.15:657][  0]LogTemp:Display: Loaded TP Android_ETC1TargetPlatform
[2017.08.07-15.58.15:697][  0]LogTemp:Display: Loaded TP Android_ETC2TargetPlatform
[2017.08.07-15.58.15:795][  0]LogTemp:Display: Loaded TP Android_MultiTargetPlatform
[2017.08.07-15.58.15:795][  0]LogTemp:Display: Loaded TP Android_PVRTCTargetPlatform
[2017.08.07-15.58.15:827][  0]LogTemp:Display: Loaded TP HTML5TargetPlatform
[2017.08.07-15.58.15:963][  0]LogTemp:Display: Loaded TP IOSTargetPlatform
[2017.08.07-15.58.15:988][  0]LogTemp:Display: Loaded TP TVOSTargetPlatform
[2017.08.07-15.58.16:027][  0]LogTemp:Display: Loaded TP LinuxClientTargetPlatform
[2017.08.07-15.58.16:068][  0]LogTemp:Display: Loaded TP LinuxNoEditorTargetPlatform
[2017.08.07-15.58.16:109][  0]LogTemp:Display: Loaded TP LinuxServerTargetPlatform
[2017.08.07-15.58.16:173][  0]LogTemp:Display: Loaded TP LinuxTargetPlatform
[2017.08.07-15.58.16:173][  0]LogTargetPlatformManager:Display: Building Assets For Windows
[2017.08.07-15.58.17:558][  0]LogDerivedDataCache:Display: Max Cache Size: 512 MB
[2017.08.07-15.58.18:711][  0]LogDerivedDataCache: Loaded boot cache 1.13s 90MB C:/Users/Karanraj/AppData/Local/UnrealEngine/4.16/DerivedDataCache/Boot.ddc.
[2017.08.07-15.58.18:711][  0]LogDerivedDataCache:Display: Loaded Boot cache: C:/Users/Karanraj/AppData/Local/UnrealEngine/4.16/DerivedDataCache/Boot.ddc
[2017.08.07-15.58.18:711][  0]LogDerivedDataCache: FDerivedDataBackendGraph:  Pak pak cache file ../../../../../../Dhasu/Github/BuildingEscape/DerivedDataCache/DDC.ddp not found, will not use a pak cache.
[2017.08.07-15.58.18:711][  0]LogDerivedDataCache: Unable to find inner node Pak for hierarchical cache Hierarchy.
[2017.08.07-15.58.18:711][  0]LogDerivedDataCache: FDerivedDataBackendGraph:  CompressedPak pak cache file ../../../../../../Dhasu/Github/BuildingEscape/DerivedDataCache/Compressed.ddp not found, will not use a pak cache.
[2017.08.07-15.58.18:711][  0]LogDerivedDataCache: Unable to find inner node CompressedPak for hierarchical cache Hierarchy.
[2017.08.07-15.58.18:772][  0]LogDerivedDataCache:Display: Pak cache opened for reading ../../../Engine/DerivedDataCache/Compressed.ddp.
[2017.08.07-15.58.18:814][  0]LogDerivedDataCache: Using Local data cache path C:/Users/Karanraj/AppData/Local/UnrealEngine/Common/DerivedDataCache: Writable
[2017.08.07-15.58.18:965][  0]LogMaterial: Verifying Global Shaders for PCD3D_SM5
[2017.08.07-15.58.19:067][  0]LogSlate: Using Freetype 2.6.0
[2017.08.07-15.58.19:131][  0]LogSlate: SlateFontCache - WITH_FREETYPE: 1, WITH_HARFBUZZ: 1
[2017.08.07-15.58.19:131][  0]LogSlate: SlateFontCache - WITH_FREETYPE: 1, WITH_HARFBUZZ: 1
[2017.08.07-15.58.31:342][  0]LogInit: Selected Device Profile: [Windows]
[2017.08.07-15.58.32:582][  0]LogContentStreaming: Texture pool size is 0.00 MB
[2017.08.07-15.58.33:357][  0]LogMeshUtilities: Using QuadricMeshReduction for automatic static mesh reduction
[2017.08.07-15.58.33:499][  0]LogSimplygon: Simplygon DLL not present - disabling.
[2017.08.07-15.58.33:579][  0]LogMeshUtilities: Using SimplygonSwarm for distributed automatic mesh merging
[2017.08.07-15.58.33:579][  0]LogMeshUtilities: No automatic skeletal mesh reduction module available
[2017.08.07-15.58.33:579][  0]LogMeshUtilities: No automatic mesh merging module available
[2017.08.07-15.58.39:229][  0]LogNetVersion: BuildingEscape , NetCL: 3452394, EngineNetVer: 2, GameNetVer: 0 (Checksum: 784502225)
[2017.08.07-15.58.39:601][  0]LogAssetRegistry: FAssetRegistry took 0.0676 seconds to start up
[2017.08.07-15.58.39:881][  0]LogPackageLocalizationCache: Processed 4 localized package path(s) for 2 prioritized culture(s) in 0.195015 seconds
[2017.08.07-15.58.39:957][  0]LogUObjectArray: 34194 objects as part of root set at end of initial load.
[2017.08.07-15.58.39:957][  0]LogUObjectAllocator: 7260424 out of 0 bytes used by permanent object pool.
[2017.08.07-15.58.39:977][  0]LogUObjectArray: CloseDisregardForGC: 0/0 objects in disregard for GC pool
[2017.08.07-15.58.40:289][  0]LogInit: WinSock: version 1.1 (2.2), MaxSocks=32767, MaxUdp=65467
[2017.08.07-15.59.02:081][  0]LogTcpMessaging: Initializing TcpMessaging bridge
[2017.08.07-15.59.02:146][  0]LogUdpMessaging: Initializing bridge on interface 0.0.0.0:0 to multicast group 230.0.0.1:6666.
[2017.08.07-15.59.03:992][  0]LogMaterial: Uniform references updated for custom material expression Custom.
[2017.08.07-15.59.05:029][  0]SourceControl: Info Source control is disabled
[2017.08.07-15.59.05:385][  0]SourceControl: Info Source control is disabled
[2017.08.07-15.59.05:462][  0]SourceControl: Info Source control is disabled
[2017.08.07-15.59.05:561][  0]SourceControl: Info Source control is disabled
[2017.08.07-15.59.07:727][  0]LogAndroidPermission: UAndroidPermissionCallbackProxy::GetInstance
[2017.08.07-15.59.09:293][  0]LogEngine: Initializing Engine...
[2017.08.07-15.59.09:746][  0]LogHMD: Failed to initialize OpenVR with code 126
[2017.08.07-15.59.10:478][  0]LogStats: UGameplayTagsManager::ConstructGameplayTagTree: Construct from data asset -  0.000 s
[2017.08.07-15.59.10:503][  0]LogStats: UGameplayTagsManager::ConstructGameplayTagTree: GameplayTagTreeChangedEvent.Broadcast -  0.025 s
[2017.08.07-15.59.11:298][  0]LogAIModule: Creating AISystem for world Untitled
[2017.08.07-15.59.11:493][  0]LogInit: XAudio2 using 'Speakers (Realtek High Definition Audio)' : 2 channels at 48 kHz using 32 bits per sample (channel mask 0x3)
[2017.08.07-15.59.11:532][  0]LogInit: FAudioDevice initialized.
[2017.08.07-15.59.11:596][  0]LogDerivedDataCache: Saved boot cache 0.05s 90MB C:/Users/Karanraj/AppData/Local/UnrealEngine/4.16/DerivedDataCache/Boot.ddc.
[2017.08.07-15.59.11:609][  0]LogInit: Texture streaming: Enabled
[2017.08.07-15.59.11:816][  0]LogEngineSessionManager: EngineSessionManager initialized
[2017.08.07-15.59.11:816][  0]LogEngineSessionManager: EngineSessionManager sent abnormal shutdown report. Type=AbnormalShutdown, SessionId={0C3FF48A-4F84-81C2-7279-6394BBA25CAC}
[2017.08.07-15.59.12:776][  0]LogInit: Transaction tracking system initialized
[2017.08.07-15.59.13:659][  0]BlueprintLog: New page: Editor Load
[2017.08.07-15.59.16:117][  0]LocalizationService: Info Localization service is disabled
[2017.08.07-15.59.17:631][  0]LogConsoleResponse:Display: 
[2017.08.07-15.59.20:832][  0]LogFileCache: Scanning file cache for directory 'K:/Dhasu/Github/BuildingEscape/Content/' took 0.05s
[2017.08.07-15.59.20:832][  0]LogCook:Display: Max memory allowance for cook 16384mb min free memory 0mb
[2017.08.07-15.59.20:832][  0]LogCook:Display: Mobile HDR setting 1
[2017.08.07-15.59.23:897][  0]SourceControl: Info Source control is disabled
[2017.08.07-15.59.23:953][  0]Cmd: MAP LOAD FILE="../../../../../../Dhasu/Github/BuildingEscape/Content/NewMap.umap" TEMPLATE=0 SHOWPROGRESS=1 FEATURELEVEL=3
[2017.08.07-15.59.23:962][  0]LightingResults: New page: Lighting Build
[2017.08.07-15.59.24:489][  0]MapCheck: New page: Map Check
[2017.08.07-15.59.24:489][  0]LightingResults: New page: Lighting Build
[2017.08.07-15.59.27:020][  0]LogAIModule: Creating AISystem for world NewMap
[2017.08.07-15.59.27:947][  0]LogEditorServer: Finished looking for orphan Actors (0.000 secs)
[2017.08.07-15.59.28:061][  0]Cmd: MAP CHECKDEP NOCLEARLOG
[2017.08.07-15.59.28:136][  0]MapCheck: Info Map check complete: 0 Error(s), 0 Warning(s), took 58.641ms to complete.
[2017.08.07-15.59.28:136][  0]LogFileHelpers: Loading map 'NewMap' took 4.217
[2017.08.07-15.59.31:179][  0]LogCollectionManager: Loaded 0 collections in 0.001277 seconds
[2017.08.07-15.59.31:426][  0]LogFileCache: Scanning file cache for directory 'K:/Dhasu/Github/BuildingEscape/Saved/Collections/' took 0.01s
[2017.08.07-15.59.31:426][  0]LogFileCache: Scanning file cache for directory 'K:/Dhasu/Github/BuildingEscape/Content/Developers/Dhasu/Collections/' took 0.01s
[2017.08.07-15.59.31:426][  0]LogFileCache: Scanning file cache for directory 'K:/Dhasu/Github/BuildingEscape/Content/Collections/' took 0.01s
[2017.08.07-15.59.31:426][  0]LogCollectionManager: Rebuilt the GUID cache for 0 collections in 0.000002 seconds
[2017.08.07-15.59.31:462][  0]LogContentBrowser: Native class hierarchy populated in 0.0347 seconds. Added 2330 classes and 493 folders.
[2017.08.07-15.59.31:772][  0]LogContentBrowser: Native class hierarchy updated for 'WidgetCarousel' in 0.0021 seconds. Added 0 classes and 0 folders.
[2017.08.07-15.59.32:435][  0]LogContentBrowser: Native class hierarchy updated for 'AddContentDialog' in 0.0021 seconds. Added 0 classes and 0 folders.
[2017.08.07-15.59.32:554][  0]LogContentBrowser: Native class hierarchy updated for 'SceneOutliner' in 0.0027 seconds. Added 1 classes and 2 folders.
[2017.08.07-15.59.33:651][  0]LogCrashTracker: Crashtracker disabled due to settings.
[2017.08.07-15.59.34:141][  0]LogSlate: Took 0.022981 seconds to synchronously load lazily loaded font '../../../Engine/Content/Slate/Fonts/Roboto-Regular.ttf' (155K)
[2017.08.07-15.59.34:166][  0]LogSlate: Took 0.023778 seconds to synchronously load lazily loaded font '../../../Engine/Content/Slate/Fonts/Roboto-Bold.ttf' (160K)
[2017.08.07-15.59.34:281][  0]LogSlate: Took 0.011034 seconds to synchronously load lazily loaded font '../../../Engine/Content/Editor/Slate/Fonts/FontAwesome.ttf' (139K)
[2017.08.07-15.59.35:019][  0]LogRenderer: Reallocating scene render targets to support 1288x660 NumSamples 1 (Frame:1).
[2017.08.07-15.59.36:209][  0]LogSlate: Took 0.024360 seconds to synchronously load lazily loaded font '../../../Engine/Content/Slate/Fonts/Roboto-Light.ttf' (159K)
[2017.08.07-15.59.36:824][  0]LogUObjectGlobals:Warning: Failed to find object 'Class None.'
[2017.08.07-15.59.36:976][  0]LogContentBrowser: Native class hierarchy updated for 'HierarchicalLODOutliner' in 0.0016 seconds. Added 1 classes and 2 folders.
[2017.08.07-15.59.36:976][  0]LogLoad: (Engine Initialization) Total time: 107.32 seconds
[2017.08.07-15.59.36:976][  0]LogLoad: (Engine Initialization) Total Blueprint compile time: 0.91 seconds
[2017.08.07-15.59.36:976][  0]LogExternalProfiler: Found external profiler: VSPerf
[2017.08.07-15.59.36:976][  0]LogExternalProfiler: Using external profiler: VSPerf
[2017.08.07-15.59.37:330][  0]LogOcInput: OculusInput pre-init called
[2017.08.07-15.59.37:338][  0]LogHMD: Starting GearVRController plugin
[2017.08.07-15.59.37:450][  0]LogContentStreaming: Texture pool size now 1000 MB
[2017.08.07-15.59.38:349][  3]LogAssetRegistry: Asset discovery search completed in 58.7702 seconds
[2017.08.07-15.59.38:367][  3]LogCollectionManager: Rebuilt the object cache for 0 collections in 0.000001 seconds (found 0 objects)
[2017.08.07-15.59.38:367][  3]LogCollectionManager: Fixed up redirectors for 0 collections in 0.000034 seconds (updated 0 objects)
[2017.08.07-16.04.10:652][ 87]LogEditorViewport: Clicking on Actor (LMB): StaticMeshActor (SM_Chair)
[2017.08.07-16.04.15:073][523]LogEditorViewport: Clicking on Actor (context menu): StaticMeshActor (SM_Chair)
[2017.08.07-16.04.28:288][950]LogEditorViewport: Clicking on Actor (LMB): StaticMeshActor (SM_Chair)
[2017.08.07-16.04.38:505][164]LogEditorViewport: Clicking on Actor (context menu): StaticMeshActor (SM_Chair)
[2017.08.07-16.04.55:238][ 82]LogEditorViewport: Clicking on Actor (LMB): StaticMeshActor (SM_Chair)
[2017.08.07-16.05.01:754][855]LogEditorViewport: Clicking on Actor (LMB): StaticMeshActor (SM_Chair)
[2017.08.07-16.05.01:860][864]LogEditorViewport: Clicking on Component (LMB): StaticMeshComponent (StaticMeshComponent0)
[2017.08.07-16.05.09:565][705]LogSlate: Took 0.000193 seconds to synchronously load lazily loaded font '../../../Engine/Content/Slate/Fonts/Roboto-Light.ttf' (159K)
[2017.08.07-16.05.09:709][705]LogSlate: Took 0.012995 seconds to synchronously load lazily loaded font '../../../Engine/Content/Editor/Slate/Fonts/Roboto-BoldCondensed.ttf' (158K)
[2017.08.07-16.05.45:789][705]Running K:/Games/Games/UE_4.16/Engine/Binaries/DotNET/UnrealBuildTool.exe  -projectfiles -project="K:/Dhasu/Github/BuildingEscape/BuildingEscape.uproject" -game -rocket -progress
[2017.08.07-16.05.46:591][705]Discovering modules, targets and source code for project...
[2017.08.07-16.05.50:934][705]LogSlate: Took 0.000213 seconds to synchronously load lazily loaded font '../../../Engine/Content/Slate/Fonts/Roboto-Regular.ttf' (155K)
[2017.08.07-16.05.52:773][705]LogVSAccessor:Warning: Couldn't access Visual Studio
[2017.08.07-16.05.52:912][705]Candidate modules for hot reload:
[2017.08.07-16.05.52:912][705]  BuildingEscape
[2017.08.07-16.05.52:912][705]Launching UnrealBuildTool... [K:/Games/Games/UE_4.16/Engine/Binaries/DotNET/UnrealBuildTool.exe BuildingEscape -ModuleWithSuffix BuildingEscape 1052 Win64 Development -editorrecompile -canskiplink "K:/Dhasu/Github/BuildingEscape/BuildingEscape.uproject" ]
[2017.08.07-16.07.21:692][705]CompilerResultsLog: New page: Compilation - Aug 8, 2017, 3:07:21 AM
[2017.08.07-16.07.21:692][705]CompilerResultsLog: Info Performing full C++ include scan (hot reloading a new target)
[2017.08.07-16.07.21:692][705]CompilerResultsLog: Info Compiling game modules for hot reload
[2017.08.07-16.07.21:692][705]CompilerResultsLog: Info Parsing headers for BuildingEscapeEditor
[2017.08.07-16.07.21:692][705]CompilerResultsLog: Info   Running UnrealHeaderTool "K:\Dhasu\Github\BuildingEscape\BuildingEscape.uproject" "K:\Dhasu\Github\BuildingEscape\Intermediate\Build\Win64\BuildingEscapeEditor\Development\BuildingEscapeEditor.uhtmanifest" -LogCmds="loginit warning, logexit warning, logdatabase error" -Unattended -WarningsAsErrors -installed
[2017.08.07-16.07.21:692][705]CompilerResultsLog: Info Reflection code generated for BuildingEscapeEditor in 4.0222766 seconds
[2017.08.07-16.07.21:692][705]CompilerResultsLog: Info Distributing 4 actions to XGE
[2017.08.07-16.07.21:692][705]CompilerResultsLog: Info --------------------Build System Warning---------------------------------------
[2017.08.07-16.07.21:692][705]CompilerResultsLog: Info License is invalid:
[2017.08.07-16.07.21:692][705]CompilerResultsLog: Info     License information is invalid. Please try reloading your license file using the Coordinator Monitor application on the Coordinator machine, or reinstall IncrediBuild.
[2017.08.07-16.07.21:692][705]CompilerResultsLog: Info     This build will run in standalone mode.
[2017.08.07-16.07.21:692][705]CompilerResultsLog: Info 
[2017.08.07-16.07.21:692][705]CompilerResultsLog: Info -------------------------------------------------------------------------------
[2017.08.07-16.07.21:692][705]CompilerResultsLog: Info --------------------Project: Default-------------------------------------------
[2017.08.07-16.07.21:692][705]CompilerResultsLog: Info PositionReport.cpp (0:38.78 at +0:00)
[2017.08.07-16.07.21:692][705]CompilerResultsLog: Info BuildingEscape.generated.cpp (0:38.50 at +0:38)
[2017.08.07-16.07.21:692][705]CompilerResultsLog: Info UE4Editor-BuildingEscape-1052.dll (0:00.95 at +1:17)
[2017.08.07-16.07.21:692][705]CompilerResultsLog: Info    Creating library K:\Dhasu\Github\BuildingEscape\Intermediate\Build\Win64\UE4Editor\Development\UE4Editor-BuildingEscape-1052.suppressed.lib and object K:\Dhasu\Github\BuildingEscape\Intermediate\Build\Win64\UE4Editor\Development\UE4Editor-BuildingEscape-1052.suppressed.exp
[2017.08.07-16.07.21:692][705]CompilerResultsLog: Info UE4Editor-BuildingEscape-1052.lib (0:00.23 at +1:18)
[2017.08.07-16.07.21:692][705]CompilerResultsLog: Info    Creating library K:\Dhasu\Github\BuildingEscape\Intermediate\Build\Win64\UE4Editor\Development\UE4Editor-BuildingEscape-1052.lib and object K:\Dhasu\Github\BuildingEscape\Intermediate\Build\Win64\UE4Editor\Development\UE4Editor-BuildingEscape-1052.exp
[2017.08.07-16.07.21:692][705]CompilerResultsLog: Info ---------------------- Done ----------------------
[2017.08.07-16.07.21:692][705]CompilerResultsLog: Info 
[2017.08.07-16.07.21:692][705]CompilerResultsLog: Info     Rebuild All: 1 succeeded, 0 failed, 0 skipped
[2017.08.07-16.07.21:692][705]CompilerResultsLog: Info 
[2017.08.07-16.07.21:692][705]CompilerResultsLog: Info 1 build system warning(s):
[2017.08.07-16.07.21:692][705]CompilerResultsLog: Info    - License is invalid
[2017.08.07-16.07.21:692][705]CompilerResultsLog: Info 
[2017.08.07-16.07.21:692][705]CompilerResultsLog: Info 
[2017.08.07-16.07.21:692][705]CompilerResultsLog: Info 
[2017.08.07-16.07.21:692][705]CompilerResultsLog: Info Total build time: 88.01 seconds (XGE executor: 78.62 seconds)
[2017.08.07-16.07.21:692][705]LogMainFrame: MainFrame: Module compiling took 88.902 seconds
[2017.08.07-16.07.21:864][705]LogClass: Could not find existing class PositionReport in package /Script/BuildingEscape for HotReload, assuming new class
[2017.08.07-16.07.21:881][705]LogContentBrowser: Native class hierarchy updated for 'BuildingEscape' in 0.0019 seconds. Added 2 classes and 2 folders.
[2017.08.07-16.07.21:882][705]Display: HotReload successful (0 functions remapped  0 scriptstructs remapped)
[2017.08.07-16.07.22:448][705]LogContentBrowser: Native class hierarchy populated in 0.0113 seconds. Added 2333 classes and 497 folders.
[2017.08.07-16.07.22:553][705]Display: HotReload took 89.8s.
[2017.08.07-16.07.22:554][705]Warning: HotReload operation took 89.8s.
[2017.08.07-16.07.22:933][705]LogHotReload: New module detected: UE4Editor-BuildingEscape-1052.dll
[2017.08.07-16.07.23:357][706]LogHotReload: Starting Hot-Reload from IDE
[2017.08.07-16.07.23:451][706]LogContentBrowser: Native class hierarchy updated for 'BuildingEscape' in 0.0020 seconds. Added 2 classes and 2 folders.
[2017.08.07-16.07.23:453][706]Display: HotReload successful (0 functions remapped  0 scriptstructs remapped)
[2017.08.07-16.07.23:468][706]LogContentBrowser: Native class hierarchy populated in 0.0125 seconds. Added 2333 classes and 497 folders.
[2017.08.07-16.07.23:470][706]Display: HotReload took  0.1s.
[2017.08.07-16.09.14:047][823]LogTemp: Executing iPhonePackager certificates Engine -bundlename com.YourCompany.BuildingEscape
[2017.08.07-16.09.14:047][823]LogTemp: CWD: K:\Games\Games\UE_4.16\Engine\Binaries\DotNET\IOS
[2017.08.07-16.09.14:047][823]LogTemp: Initial Dir: K:\Games\Games\UE_4.16
[2017.08.07-16.09.14:047][823]LogTemp: Env CWD: K:\Games\Games\UE_4.16\Engine\Binaries\DotNET\IOS
[2017.08.07-16.09.14:047][823]LogTemp: BranchPath = KARAN/K/Games/Games/UE_4.16/Engine/Binaries --- GameBranchPath = KARAN/K/Games/Games/UE_4.16/Engine/Binaries
[2017.08.07-16.09.14:047][823]LogSlate: Only BGRA pngs, bmps or icos are supported in by External Image Picker
[2017.08.07-16.09.14:149][824]LogTemp: IPP ERROR: Could not find provision directory 'C:\Users\Karanraj\AppData\Local/Apple Computer/MobileDevice/Provisioning Profiles/'.
[2017.08.07-16.11.42:493][872]LogSlate: Took 0.000238 seconds to synchronously load lazily loaded font '../../../Engine/Content/Slate/Fonts/Roboto-Light.ttf' (159K)
[2017.08.07-16.11.51:578][899]Cmd: OBJ SAVEPACKAGE PACKAGE="/Game/NewMap" FILE="../../../../../../Dhasu/Github/BuildingEscape/Saved/Autosaves/Game/NewMap_Auto1.umap" SILENT=true AUTOSAVING=true KEEPDIRTY=false
[2017.08.07-16.11.51:791][899]LogSavePackage: Save=166.54ms
[2017.08.07-16.11.51:791][899]LogSavePackage: Moving '../../../../../../Dhasu/Github/BuildingEscape/Saved/NewMap_Auto1B5DDD80845F02A2926BFBBA4A66E1C8E.tmp' to '../../../../../../Dhasu/Github/BuildingEscape/Saved/Autosaves/Game/NewMap_Auto1.umap'
[2017.08.07-16.11.51:792][899]LogSavePackage:Display: Finished SavePackage ../../../../../../Dhasu/Github/BuildingEscape/Saved/Autosaves/Game/NewMap_Auto1.umap
[2017.08.07-16.11.51:806][899]LogFileHelpers: Editor autosave (incl. sublevels) for '/Game/NewMap' took 0.331
[2017.08.07-16.11.51:806][899]LogFileHelpers: Editor autosave (incl. sublevels) for all levels took 0.331
[2017.08.07-16.12.22:822][993]LogWindows: LaunchFileInExternalEditor K:/Dhasu/Github/BuildingEscape/Source/BuildingEscape/PositionReport.h 
[2017.08.07-16.12.23:600][993]LogWindows: Launch application code for K:/Dhasu/Github/BuildingEscape/Source/BuildingEscape/PositionReport.h : 42
[2017.08.07-16.12.23:600][993]LogWindows: LaunchFileInExternalEditor K:/Dhasu/Github/BuildingEscape/Source/BuildingEscape/PositionReport.cpp 
[2017.08.07-16.12.25:917][993]LogWindows: Launch application code for K:/Dhasu/Github/BuildingEscape/Source/BuildingEscape/PositionReport.cpp : 42
[2017.08.07-16.12.25:917][993]LogVSAccessor:Warning: Couldn't access Visual Studio
[2017.08.07-16.12.25:929][993]LogVSAccessor:Warning: Couldn't access module table
[2017.08.07-16.12.25:929][993]LogVSAccessor:Warning: Couldn't access module table
[2017.08.07-16.12.25:929][993]LogVSAccessor:Warning: Couldn't access module table
[2017.08.07-16.12.25:929][993]LogVSAccessor:Warning: Couldn't access module table
[2017.08.07-16.12.25:929][993]LogVSAccessor:Warning: Couldn't access module table
[2017.08.07-16.12.25:929][993]LogVSAccessor:Warning: Couldn't access module table
[2017.08.07-16.12.25:929][993]LogVSAccessor:Warning: Couldn't access module table
[2017.08.07-16.12.25:929][993]LogVSAccessor:Warning: Couldn't access module table
[2017.08.07-16.12.25:929][993]LogVSAccessor:Warning: Couldn't access module table
[2017.08.07-16.12.25:929][993]LogVSAccessor:Warning: Couldn't access module table
[2017.08.07-16.12.25:929][993]LogVSAccessor:Warning: Couldn't access module table
[2017.08.07-16.12.25:929][993]LogVSAccessor:Warning: Couldn't access module table
[2017.08.07-16.12.25:929][993]LogVSAccessor:Warning: Couldn't access module table
[2017.08.07-16.12.25:929][993]LogVSAccessor:Warning: Couldn't access module table
[2017.08.07-16.12.25:929][993]LogVSAccessor:Warning: Couldn't access module table
[2017.08.07-16.12.25:929][993]LogVSAccessor:Warning: Couldn't access module table
[2017.08.07-16.12.25:929][993]LogVSAccessor:Warning: Couldn't access module table
[2017.08.07-16.12.25:929][993]LogVSAccessor:Warning: Couldn't access module table
[2017.08.07-16.12.25:929][993]LogVSAccessor:Warning: Couldn't access module table
[2017.08.07-16.12.25:929][993]LogVSAccessor:Warning: Couldn't access module table
[2017.08.07-16.12.25:930][993]LogVSAccessor:Warning: Couldn't access module table
[2017.08.07-16.12.25:930][993]LogVSAccessor:Warning: Couldn't access module table
[2017.08.07-16.12.25:930][993]LogVSAccessor:Warning: Couldn't access module table
[2017.08.07-16.12.25:930][993]LogVSAccessor:Warning: Couldn't access module table
[2017.08.07-16.12.25:930][993]LogVSAccessor:Warning: Couldn't access module table
[2017.08.07-16.12.25:930][993]LogVSAccessor:Warning: Couldn't access module table
[2017.08.07-16.12.25:930][993]LogVSAccessor:Warning: Couldn't access module table
[2017.08.07-16.12.25:930][993]LogVSAccessor:Warning: Couldn't access module table
[2017.08.07-16.12.25:930][993]LogVSAccessor:Warning: Couldn't access module table
[2017.08.07-16.12.25:930][993]LogVSAccessor:Warning: Couldn't access module table
[2017.08.07-16.12.25:930][993]LogVSAccessor:Warning: Couldn't access module table
[2017.08.07-16.12.25:930][993]LogVSAccessor:Warning: Couldn't access module table
[2017.08.07-16.12.25:930][993]LogVSAccessor:Warning: Couldn't access module table
[2017.08.07-16.12.25:930][993]LogVSAccessor:Warning: Couldn't access module table
[2017.08.07-16.12.25:930][993]LogVSAccessor:Warning: Couldn't access module table
[2017.08.07-16.12.25:930][993]LogVSAccessor:Warning: Couldn't access module table
[2017.08.07-16.12.25:930][993]LogVSAccessor:Warning: Couldn't access module table
[2017.08.07-16.12.25:930][993]LogVSAccessor:Warning: Couldn't access module table
[2017.08.07-16.12.25:930][993]LogVSAccessor:Warning: Couldn't access module table
[2017.08.07-16.12.25:930][993]LogVSAccessor:Warning: Couldn't access module table
[2017.08.07-16.12.25:930][993]LogVSAccessor:Warning: Couldn't access module table
[2017.08.07-16.12.25:930][993]LogVSAccessor:Warning: Couldn't access module table
[2017.08.07-16.12.25:930][993]LogVSAccessor:Warning: Couldn't access module table
[2017.08.07-16.12.25:930][993]LogVSAccessor:Warning: Couldn't access module table
[2017.08.07-16.12.25:930][993]LogVSAccessor:Warning: Couldn't access module table
[2017.08.07-16.12.25:930][993]LogVSAccessor:Warning: Couldn't access module table
[2017.08.07-16.12.25:931][993]LogVSAccessor:Warning: Couldn't access module table
[2017.08.07-16.12.25:931][993]LogVSAccessor:Warning: Couldn't access module table
[2017.08.07-16.12.25:931][993]LogVSAccessor:Warning: Couldn't access module table
[2017.08.07-16.12.25:931][993]LogVSAccessor:Warning: Couldn't access module table
[2017.08.07-16.12.25:931][993]LogVSAccessor:Warning: Couldn't access module table
[2017.08.07-16.12.25:931][993]LogVSAccessor:Warning: Couldn't access module table
[2017.08.07-16.12.25:931][993]LogVSAccessor:Warning: Couldn't access module table
[2017.08.07-16.12.25:931][993]LogVSAccessor:Warning: Couldn't access module table
[2017.08.07-16.12.25:931][993]LogVSAccessor:Warning: Couldn't access module table
[2017.08.07-16.12.25:931][993]LogVSAccessor:Warning: Couldn't access module table
[2017.08.07-16.12.25:931][993]LogVSAccessor:Warning: Couldn't access module table
[2017.08.07-16.12.25:931][993]LogVSAccessor:Warning: Couldn't access module table
[2017.08.07-16.12.25:931][993]LogVSAccessor:Warning: Couldn't access module table
[2017.08.07-16.12.25:931][993]LogVSAccessor:Warning: Couldn't access module table
[2017.08.07-16.12.25:931][993]LogVSAccessor:Warning: Couldn't access module table
[2017.08.07-16.12.25:931][993]LogVSAccessor:Warning: Couldn't access module table
[2017.08.07-16.12.25:931][993]LogVSAccessor:Warning: Couldn't access module table
[2017.08.07-16.12.25:931][993]LogVSAccessor:Warning: Couldn't access module table
[2017.08.07-16.12.25:931][993]LogVSAccessor:Warning: Couldn't access module table
[2017.08.07-16.12.25:931][993]LogVSAccessor:Warning: Couldn't access module table
[2017.08.07-16.12.25:931][993]LogVSAccessor:Warning: Couldn't access module table
[2017.08.07-16.12.25:931][993]LogVSAccessor:Warning: Couldn't access module table
[2017.08.07-16.12.25:931][993]LogVSAccessor:Warning: Couldn't access module table
[2017.08.07-16.12.25:931][993]LogVSAccessor:Warning: Couldn't access module table
[2017.08.07-16.12.25:931][993]LogVSAccessor:Warning: Couldn't access module table
[2017.08.07-16.12.25:931][993]LogVSAccessor:Warning: Couldn't access module table
[2017.08.07-16.12.25:931][993]LogVSAccessor:Warning: Couldn't access module table
[2017.08.07-16.12.25:931][993]LogVSAccessor:Warning: Couldn't access module table
[2017.08.07-16.12.25:931][993]LogVSAccessor:Warning: Couldn't access module table
[2017.08.07-16.12.25:932][993]LogVSAccessor:Warning: Couldn't access module table
[2017.08.07-16.12.25:932][993]LogVSAccessor:Warning: Couldn't access module table
[2017.08.07-16.12.25:932][993]LogVSAccessor:Warning: Couldn't access module table
[2017.08.07-16.12.25:932][993]LogVSAccessor:Warning: Couldn't access module table
[2017.08.07-16.12.25:932][993]LogVSAccessor:Warning: Couldn't access module table
[2017.08.07-16.12.25:932][993]LogVSAccessor:Warning: Couldn't access module table
[2017.08.07-16.12.25:932][993]LogVSAccessor:Warning: Couldn't access module table
[2017.08.07-16.12.25:932][993]LogVSAccessor:Warning: Couldn't access module table
[2017.08.07-16.12.25:932][993]LogVSAccessor:Warning: Couldn't access module table
[2017.08.07-16.12.25:932][993]LogVSAccessor:Warning: Couldn't access module table
[2017.08.07-16.12.25:932][993]LogVSAccessor:Warning: Couldn't access module table
[2017.08.07-16.12.25:932][993]LogVSAccessor:Warning: Couldn't access module table
[2017.08.07-16.12.25:932][993]LogVSAccessor:Warning: Couldn't access module table
[2017.08.07-16.12.25:932][993]LogVSAccessor:Warning: Couldn't access module table
[2017.08.07-16.12.25:933][993]LogVSAccessor:Warning: Couldn't access module table
[2017.08.07-16.12.25:933][993]LogVSAccessor:Warning: Couldn't access module table
[2017.08.07-16.12.25:934][993]LogVSAccessor:Warning: Couldn't access module table
[2017.08.07-16.12.25:942][993]LogVSAccessor:Warning: Couldn't access module table
[2017.08.07-16.12.25:942][993]LogVSAccessor:Warning: Couldn't access module table
[2017.08.07-16.12.25:944][993]LogVSAccessor:Warning: Couldn't access module table
[2017.08.07-16.12.25:944][993]LogVSAccessor:Warning: Couldn't access module table
[2017.08.07-16.12.25:945][993]LogVSAccessor:Warning: Couldn't access module table
[2017.08.07-16.12.25:945][993]LogVSAccessor:Warning: Couldn't access module table
[2017.08.07-16.12.25:946][993]LogVSAccessor:Warning: Couldn't access module table
[2017.08.07-16.12.25:946][993]LogVSAccessor:Warning: Couldn't access module table
[2017.08.07-16.12.25:946][993]LogVSAccessor:Warning: Couldn't access module table
[2017.08.07-16.12.25:946][993]LogVSAccessor:Warning: Couldn't access module table
[2017.08.07-16.12.25:947][993]LogVSAccessor:Warning: Couldn't access module table
[2017.08.07-16.12.25:947][993]LogVSAccessor:Warning: Couldn't access module table
[2017.08.07-16.12.25:947][993]LogVSAccessor:Warning: Couldn't access module table
[2017.08.07-16.12.25:947][993]LogVSAccessor:Warning: Couldn't access module table
[2017.08.07-16.12.25:947][993]LogVSAccessor:Warning: Couldn't access module table
[2017.08.07-16.12.25:947][993]LogVSAccessor:Warning: Couldn't access module table
[2017.08.07-16.12.25:949][993]LogVSAccessor:Warning: Couldn't access module table
[2017.08.07-16.12.25:950][993]LogVSAccessor:Warning: Couldn't access module table
[2017.08.07-16.12.25:950][993]LogVSAccessor:Warning: Couldn't access module table
[2017.08.07-16.12.25:950][993]LogVSAccessor:Warning: Couldn't access module table
[2017.08.07-17.01.04:849][888]Cmd: OBJ SAVEPACKAGE PACKAGE="/Game/NewMap" FILE="../../../../../../Dhasu/Github/BuildingEscape/Content/NewMap.umap" SILENT=true AUTOSAVING=false KEEPDIRTY=false
[2017.08.07-17.01.04:964][888]LogSavePackage: Save=52.44ms
[2017.08.07-17.01.04:964][888]LogSavePackage: Moving '../../../../../../Dhasu/Github/BuildingEscape/Saved/NewMap09136BB44AD58D0B1D82A7B7DFA46681.tmp' to '../../../../../../Dhasu/Github/BuildingEscape/Content/NewMap.umap'
[2017.08.07-17.01.04:999][888]LogSavePackage:Display: Finished SavePackage ../../../../../../Dhasu/Github/BuildingEscape/Content/NewMap.umap
[2017.08.07-17.04.25:574][931]Cmd: QUIT_EDITOR
[2017.08.07-17.04.25:599][931]LogWindowsTextInputMethodSystem:Display: IME system now deactivated.
[2017.08.07-17.04.25:599][931]LogWindowsTextInputMethodSystem:Display: IME system now deactivated.
[2017.08.07-17.04.25:611][931]LogExit: Preparing to exit.
[2017.08.07-17.04.26:206][931]LogDirectoryWatcher: A directory notification for 'K:/Dhasu/Github/BuildingEscape/Content/' was aborted.
[2017.08.07-17.04.26:266][931]LogExit: Editor shut down
[2017.08.07-17.04.26:290][931]LogExit: Transaction tracking system shut down
[2017.08.07-17.04.26:409][931]LogObj: Freed 0b from 0 cluster array pools.
[2017.08.07-17.04.26:410][931]LogExit: Object subsystem successfully closed.
[2017.08.07-17.04.26:439][931]LogD3D11RHI: Shutdown
[2017.08.07-17.04.26:439][931]LogD3D11RHI: CleanupD3DDevice
[2017.08.07-17.04.26:500][931]LogD3D11RHI: ~FD3D11DynamicRHI
[2017.08.07-17.04.26:509][931]LogModuleManager: Shutting down and abandoning module ExternalImagePicker (530)
[2017.08.07-17.04.26:509][931]LogModuleManager: Shutting down and abandoning module BuildingEscape (528)
[2017.08.07-17.04.26:509][931]LogModuleManager: Shutting down and abandoning module HierarchicalLODOutliner (526)
[2017.08.07-17.04.26:509][931]LogModuleManager: Shutting down and abandoning module CrashTracker (524)
[2017.08.07-17.04.26:509][931]LogModuleManager: Shutting down and abandoning module SceneOutliner (522)
[2017.08.07-17.04.26:509][931]LogModuleManager: Shutting down and abandoning module AddContentDialog (520)
[2017.08.07-17.04.26:509][931]LogDirectoryWatcher: A directory notification for 'K:/Games/Games/UE_4.16/FeaturePacks/' was aborted.
[2017.08.07-17.04.26:514][931]LogModuleManager: Shutting down and abandoning module WidgetCarousel (519)
[2017.08.07-17.04.26:514][931]LogModuleManager: Shutting down and abandoning module EditorWidgets (516)
[2017.08.07-17.04.26:514][931]LogModuleManager: Shutting down and abandoning module CollectionManager (514)
[2017.08.07-17.04.26:514][931]LogDirectoryWatcher: A directory notification for 'K:/Dhasu/Github/BuildingEscape/Content/Collections/' was aborted.
[2017.08.07-17.04.26:514][931]LogDirectoryWatcher: A directory notification for 'K:/Dhasu/Github/BuildingEscape/Content/Developers/Dhasu/Collections/' was aborted.
[2017.08.07-17.04.26:514][931]LogDirectoryWatcher: A directory notification for 'K:/Dhasu/Github/BuildingEscape/Saved/Collections/' was aborted.
[2017.08.07-17.04.26:514][931]LogModuleManager: Shutting down and abandoning module StatsViewer (512)
[2017.08.07-17.04.26:514][931]LogModuleManager: Shutting down and abandoning module FoliageEdit (510)
[2017.08.07-17.04.26:514][931]LogModuleManager: Shutting down and abandoning module LandscapeEditor (508)
[2017.08.07-17.04.26:514][931]LogModuleManager: Shutting down and abandoning module MeshPaintMode (506)
[2017.08.07-17.04.26:514][931]LogModuleManager: Shutting down and abandoning module SceneDepthPickerMode (504)
[2017.08.07-17.04.26:514][931]LogModuleManager: Shutting down and abandoning module ActorPickerMode (502)
[2017.08.07-17.04.26:514][931]LogModuleManager: Shutting down and abandoning module GeometryMode (500)
[2017.08.07-17.04.26:514][931]LogModuleManager: Shutting down and abandoning module TextureAlignMode (498)
[2017.08.07-17.04.26:514][931]LogModuleManager: Shutting down and abandoning module BspMode (496)
[2017.08.07-17.04.26:514][931]LogModuleManager: Shutting down and abandoning module HardwareSurvey (494)
[2017.08.07-17.04.26:514][931]LogModuleManager: Shutting down and abandoning module SequenceRecorderSections (492)
[2017.08.07-17.04.26:514][931]LogModuleManager: Shutting down and abandoning module AutomationWorker (490)
[2017.08.07-17.04.26:514][931]LogModuleManager: Shutting down and abandoning module MatineeToLevelSequence (488)
[2017.08.07-17.04.26:514][931]LogModuleManager: Shutting down and abandoning module LevelSequenceEditor (486)
[2017.08.07-17.04.26:514][931]LogModuleManager: Shutting down and abandoning module PlacementMode (485)
[2017.08.07-17.04.26:515][931]LogModuleManager: Shutting down and abandoning module WmfMediaFactory (482)
[2017.08.07-17.04.26:515][931]LogModuleManager: Shutting down and abandoning module WmfMediaEditor (480)
[2017.08.07-17.04.26:515][931]LogModuleManager: Shutting down and abandoning module AvfMediaFactory (478)
[2017.08.07-17.04.26:515][931]LogModuleManager: Shutting down and abandoning module AvfMediaEditor (476)
[2017.08.07-17.04.26:515][931]LogModuleManager: Shutting down and abandoning module AndroidMediaFactory (474)
[2017.08.07-17.04.26:515][931]LogModuleManager: Shutting down and abandoning module Media (473)
[2017.08.07-17.04.26:515][931]LogModuleManager: Shutting down and abandoning module AndroidMediaEditor (470)
[2017.08.07-17.04.26:515][931]LogModuleManager: Shutting down and abandoning module CharacterAI (468)
[2017.08.07-17.04.26:515][931]LogModuleManager: Shutting down and abandoning module AudioCapture (466)
[2017.08.07-17.04.26:515][931]LogModuleManager: Shutting down and abandoning module SequenceRecorder (465)
[2017.08.07-17.04.26:515][931]LogModuleManager: Shutting down and abandoning module SmartSnapping (462)
[2017.08.07-17.04.26:515][931]LogModuleManager: Shutting down and abandoning module SessionServices (460)
[2017.08.07-17.04.26:515][931]LogModuleManager: Shutting down and abandoning module ViewportSnapping (458)
[2017.08.07-17.04.26:515][931]LogModuleManager: Shutting down and abandoning module ViewportInteraction (456)
[2017.08.07-17.04.26:515][931]LogModuleManager: Shutting down and abandoning module ClothPainter (454)
[2017.08.07-17.04.26:515][931]LogModuleManager: Shutting down and abandoning module LogVisualizer (452)
[2017.08.07-17.04.26:515][931]LogModuleManager: Shutting down and abandoning module IntroTutorials (450)
[2017.08.07-17.04.26:515][931]LogModuleManager: Shutting down and abandoning module GameProjectGeneration (449)
[2017.08.07-17.04.26:515][931]LogModuleManager: Shutting down and abandoning module EditorLiveStreaming (446)
[2017.08.07-17.04.26:515][931]LogModuleManager: Shutting down and abandoning module IOSPlatformEditor (444)
[2017.08.07-17.04.26:515][931]LogModuleManager: Shutting down and abandoning module HTML5PlatformEditor (442)
[2017.08.07-17.04.26:515][931]LogModuleManager: Shutting down and abandoning module AndroidPlatformEditor (440)
[2017.08.07-17.04.26:515][931]LogModuleManager: Shutting down and abandoning module AndroidDeviceDetection (439)
[2017.08.07-17.04.26:884][931]LogModuleManager: Shutting down and abandoning module IOSRuntimeSettings (436)
[2017.08.07-17.04.26:884][931]LogModuleManager: Shutting down and abandoning module AndroidRuntimeSettings (434)
[2017.08.07-17.04.26:884][931]LogModuleManager: Shutting down and abandoning module InputBindingEditor (432)
[2017.08.07-17.04.26:884][931]LogModuleManager: Shutting down and abandoning module MergeActors (430)
[2017.08.07-17.04.26:884][931]LogModuleManager: Shutting down and abandoning module SizeMap (428)
[2017.08.07-17.04.26:884][931]LogModuleManager: Shutting down and abandoning module TreeMap (426)
[2017.08.07-17.04.26:884][931]LogModuleManager: Shutting down and abandoning module ReferenceViewer (424)
[2017.08.07-17.04.26:884][931]LogModuleManager: Shutting down and abandoning module LocalizationDashboard (422)
[2017.08.07-17.04.26:884][931]LogModuleManager: Shutting down and abandoning module LocalizationService (421)
[2017.08.07-17.04.26:884][931]LogModuleManager: Shutting down and abandoning module HardwareTargeting (418)
[2017.08.07-17.04.26:884][931]LogModuleManager: Shutting down and abandoning module DeviceProfileEditor (416)
[2017.08.07-17.04.26:884][931]LogModuleManager: Shutting down and abandoning module UndoHistory (414)
[2017.08.07-17.04.26:884][931]LogModuleManager: Shutting down and abandoning module UserFeedback (412)
[2017.08.07-17.04.26:884][931]LogModuleManager: Shutting down and abandoning module XmlParser (410)
[2017.08.07-17.04.26:884][931]LogModuleManager: Shutting down and abandoning module Blutility (408)
[2017.08.07-17.04.26:884][931]LogModuleManager: Shutting down and abandoning module ProjectSettingsViewer (406)
[2017.08.07-17.04.26:885][931]LogModuleManager: Shutting down and abandoning module ProjectTargetPlatformEditor (405)
[2017.08.07-17.04.26:885][931]LogModuleManager: Shutting down and abandoning module EditorSettingsViewer (402)
[2017.08.07-17.04.26:885][931]LogModuleManager: Shutting down and abandoning module SettingsEditor (400)
[2017.08.07-17.04.26:886][931]LogModuleManager: Shutting down and abandoning module ProjectLauncher (398)
[2017.08.07-17.04.26:886][931]LogModuleManager: Shutting down and abandoning module SessionFrontend (396)
[2017.08.07-17.04.26:886][931]LogModuleManager: Shutting down and abandoning module ProfilerClient (394)
[2017.08.07-17.04.26:886][931]LogModuleManager: Shutting down and abandoning module DeviceManager (392)
[2017.08.07-17.04.26:886][931]LogModuleManager: Shutting down and abandoning module TargetDeviceServices (391)
[2017.08.07-17.04.26:949][931]LogModuleManager: Shutting down and abandoning module AutomationController (388)
[2017.08.07-17.04.26:949][931]LogModuleManager: Shutting down and abandoning module AutomationWindow (386)
[2017.08.07-17.04.26:949][931]LogModuleManager: Shutting down and abandoning module Layers (384)
[2017.08.07-17.04.26:949][931]LogModuleManager: Shutting down and abandoning module ComponentVisualizers (382)
[2017.08.07-17.04.26:949][931]LogModuleManager: Shutting down and abandoning module DetailCustomizations (380)
[2017.08.07-17.04.26:949][931]LogModuleManager: Shutting down and abandoning module PackagesDialog (378)
[2017.08.07-17.04.26:949][931]LogModuleManager: Shutting down and abandoning module Persona (376)
[2017.08.07-17.04.26:949][931]LogModuleManager: Shutting down and abandoning module AdvancedPreviewScene (375)
[2017.08.07-17.04.26:949][931]LogModuleManager: Shutting down and abandoning module AnimGraph (373)
[2017.08.07-17.04.26:949][931]LogModuleManager: Shutting down and abandoning module Kismet (370)
[2017.08.07-17.04.26:949][931]LogModuleManager: Shutting down and abandoning module ClassViewer (368)
[2017.08.07-17.04.26:951][931]LogModuleManager: Shutting down and abandoning module Toolbox (366)
[2017.08.07-17.04.26:951][931]LogModuleManager: Shutting down and abandoning module ModuleUI (364)
[2017.08.07-17.04.26:951][931]LogModuleManager: Shutting down and abandoning module MovieSceneTools (362)
[2017.08.07-17.04.26:951][931]LogModuleManager: Shutting down and abandoning module OutputLog (360)
[2017.08.07-17.04.26:951][931]LogModuleManager: Shutting down and abandoning module GammaUI (358)
[2017.08.07-17.04.26:951][931]LogModuleManager: Shutting down and abandoning module Documentation (356)
[2017.08.07-17.04.26:952][931]LogModuleManager: Shutting down and abandoning module MovieSceneTracks (354)
[2017.08.07-17.04.26:952][931]LogModuleManager: Shutting down and abandoning module MovieScene (352)
[2017.08.07-17.04.26:952][931]LogModuleManager: Shutting down and abandoning module Niagara (350)
[2017.08.07-17.04.26:952][931]LogModuleManager: Shutting down and abandoning module NiagaraEditor (349)
[2017.08.07-17.04.26:952][931]LogModuleManager: Shutting down and abandoning module StreamingPauseRendering (346)
[2017.08.07-17.04.26:952][931]LogModuleManager: Shutting down and abandoning module AnalyticsET (344)
[2017.08.07-17.04.26:952][931]LogModuleManager: Shutting down and abandoning module PortalServices (342)
[2017.08.07-17.04.26:952][931]LogModuleManager: Shutting down and abandoning module PortalRpc (340)
[2017.08.07-17.04.26:952][931]LogModuleManager: Shutting down and abandoning module MessagingRpc (338)
[2017.08.07-17.04.26:952][931]LogModuleManager: Shutting down and abandoning module AIModule (336)
[2017.08.07-17.04.26:952][931]LogModuleManager: Shutting down and abandoning module GameplayDebugger (335)
[2017.08.07-17.04.26:952][931]LogModuleManager: Shutting down and abandoning module AITestSuite (333)
[2017.08.07-17.04.26:952][931]LogModuleManager: Shutting down and abandoning module ProfilerService (330)
[2017.08.07-17.04.27:054][931]LogModuleManager: Shutting down and abandoning module TaskGraph (328)
[2017.08.07-17.04.27:054][931]LogModuleManager: Shutting down and abandoning module SteamVRController (326)
[2017.08.07-17.04.27:054][931]LogModuleManager: Shutting down and abandoning module SteamVR (324)
[2017.08.07-17.04.27:054][931]LogModuleManager: Shutting down and abandoning module ProceduralMeshComponentEditor (322)
[2017.08.07-17.04.27:054][931]LogModuleManager: Shutting down and abandoning module ProceduralMeshComponent (320)
[2017.08.07-17.04.27:054][931]LogModuleManager: Shutting down and abandoning module OculusLibrary (318)
[2017.08.07-17.04.27:054][931]LogModuleManager: Shutting down and abandoning module OculusInput (316)
[2017.08.07-17.04.27:054][931]LogModuleManager: Shutting down and abandoning module MobilePatchingUtils (314)
[2017.08.07-17.04.27:054][931]LogModuleManager: Shutting down and abandoning module CustomMeshComponent (312)
[2017.08.07-17.04.27:054][931]LogModuleManager: Shutting down and abandoning module CableComponent (310)
[2017.08.07-17.04.27:054][931]LogModuleManager: Shutting down and abandoning module ArchVisCharacter (308)
[2017.08.07-17.04.27:054][931]LogModuleManager: Shutting down and abandoning module AndroidPermission (306)
[2017.08.07-17.04.27:054][931]LogModuleManager: Shutting down and abandoning module MediaPlayerEditor (302)
[2017.08.07-17.04.27:054][931]LogModuleManager: Shutting down and abandoning module HTML5Networking (300)
[2017.08.07-17.04.27:054][931]LogModuleManager: Shutting down and abandoning module AlembicImporter (298)
[2017.08.07-17.04.27:054][931]LogModuleManager: Shutting down and abandoning module AlembicLibrary (297)
[2017.08.07-17.04.27:054][931]LogModuleManager: Shutting down and abandoning module GeometryCache (296)
[2017.08.07-17.04.27:054][931]LogModuleManager: Shutting down and abandoning module GeometryCacheEd (295)
[2017.08.07-17.04.27:054][931]LogModuleManager: Shutting down and abandoning module SuperSearchEditor (290)
[2017.08.07-17.04.27:054][931]LogModuleManager: Shutting down and abandoning module SuperSearch (289)
[2017.08.07-17.04.27:054][931]LogModuleManager: Shutting down and abandoning module SpeedTreeImporter (286)
[2017.08.07-17.04.27:054][931]LogModuleManager: Shutting down and abandoning module PluginBrowser (284)
[2017.08.07-17.04.27:054][931]LogModuleManager: Shutting down and abandoning module MobileLauncherProfileWizard (282)
[2017.08.07-17.04.27:054][931]LogModuleManager: Shutting down and abandoning module VisualStudioSourceCodeAccess (280)
[2017.08.07-17.04.27:054][931]LogModuleManager: Shutting down and abandoning module DesktopPlatform (279)
[2017.08.07-17.04.27:054][931]LogModuleManager: Shutting down and abandoning module UObjectPlugin (276)
[2017.08.07-17.04.27:054][931]LogModuleManager: Shutting down and abandoning module SubversionSourceControl (274)
[2017.08.07-17.04.27:054][931]LogModuleManager: Shutting down and abandoning module PerforceSourceControl (272)
[2017.08.07-17.04.27:054][931]LogModuleManager: Shutting down and abandoning module GitSourceControl (270)
[2017.08.07-17.04.27:054][931]LogModuleManager: Shutting down and abandoning module SourceControl (269)
[2017.08.07-17.04.27:054][931]LogModuleManager: Shutting down and abandoning module LightPropagationVolumeEditor (266)
[2017.08.07-17.04.27:054][931]LogModuleManager: Shutting down and abandoning module PaperTiledImporter (264)
[2017.08.07-17.04.27:054][931]LogModuleManager: Shutting down and abandoning module PaperSpriteSheetImporter (262)
[2017.08.07-17.04.27:054][931]LogModuleManager: Shutting down and abandoning module Paper2DEditor (260)
[2017.08.07-17.04.27:054][931]LogModuleManager: Shutting down and abandoning module MeshPaint (259)
[2017.08.07-17.04.27:054][931]LogModuleManager: Shutting down and abandoning module LevelEditor (257)
[2017.08.07-17.04.27:055][931]LogModuleManager: Shutting down and abandoning module PixelInspectorModule (256)
[2017.08.07-17.04.27:055][931]LogModuleManager: Shutting down and abandoning module MainFrame (254)
[2017.08.07-17.04.27:055][931]LogModuleManager: Shutting down and abandoning module HotReload (253)
[2017.08.07-17.04.27:055][931]LogDirectoryWatcher: A directory notification for 'K:/Dhasu/Github/BuildingEscape/Binaries/Win64' was aborted.
[2017.08.07-17.04.27:056][931]LogModuleManager: Shutting down and abandoning module PhysXVehiclesEditor (246)
[2017.08.07-17.04.27:056][931]LogModuleManager: Shutting down and abandoning module PhysXVehicles (244)
[2017.08.07-17.04.27:056][931]LogModuleManager: Shutting down and abandoning module LocationServicesBPLibrary (242)
[2017.08.07-17.04.27:056][931]LogModuleManager: Shutting down and abandoning module ImmediatePhysicsEditor (240)
[2017.08.07-17.04.27:056][931]LogModuleManager: Shutting down and abandoning module ImmediatePhysics (238)
[2017.08.07-17.04.27:056][931]LogModuleManager: Shutting down and abandoning module UdpMessaging (236)
[2017.08.07-17.04.27:156][931]LogModuleManager: Shutting down and abandoning module TcpMessaging (234)
[2017.08.07-17.04.27:256][931]LogModuleManager: Shutting down and abandoning module GameplayTagsEditor (232)
[2017.08.07-17.04.27:256][931]LogModuleManager: Shutting down and abandoning module FacialAnimationEditor (230)
[2017.08.07-17.04.27:256][931]LogModuleManager: Shutting down and abandoning module FacialAnimation (228)
[2017.08.07-17.04.27:256][931]LogModuleManager: Shutting down and abandoning module AssetManagerEditor (226)
[2017.08.07-17.04.27:256][931]LogModuleManager: Shutting down and abandoning module GraphEditor (225)
[2017.08.07-17.04.27:256][931]LogModuleManager: Shutting down and abandoning module ContentBrowser (223)
[2017.08.07-17.04.27:258][931]LogModuleManager: Shutting down and abandoning module LightPropagationVolumeRuntime (220)
[2017.08.07-17.04.27:258][931]LogModuleManager: Shutting down and abandoning module Paper2D (218)
[2017.08.07-17.04.27:258][931]LogModuleManager: Shutting down and abandoning module WindowsMoviePlayer (216)
[2017.08.07-17.04.27:258][931]LogModuleManager: Shutting down and abandoning module WmfMedia (214)
[2017.08.07-17.04.27:258][931]LogModuleManager: Shutting down and abandoning module ClothingSystemEditor (212)
[2017.08.07-17.04.27:258][931]LogModuleManager: Shutting down and abandoning module ClothingSystemRuntime (210)
[2017.08.07-17.04.27:258][931]LogModuleManager: Shutting down and abandoning module MediaAssets (208)
[2017.08.07-17.04.27:258][931]LogModuleManager: Shutting down and abandoning module GameLiveStreaming (206)
[2017.08.07-17.04.27:258][931]LogModuleManager: Shutting down and abandoning module VREditor (204)
[2017.08.07-17.04.27:258][931]LogModuleManager: Shutting down and abandoning module StringTableEditor (202)
[2017.08.07-17.04.27:258][931]LogModuleManager: Shutting down and abandoning module GameplayTasksEditor (200)
[2017.08.07-17.04.27:258][931]LogModuleManager: Shutting down and abandoning module BehaviorTreeEditor (198)
[2017.08.07-17.04.27:258][931]LogModuleManager: Shutting down and abandoning module FunctionalTesting (196)
[2017.08.07-17.04.27:258][931]LogModuleManager: Shutting down and abandoning module CollisionAnalyzer (194)
[2017.08.07-17.04.27:258][931]LogModuleManager: Shutting down and abandoning module UMG (192)
[2017.08.07-17.04.27:258][931]LogModuleManager: Shutting down and abandoning module UMGEditor (191)
[2017.08.07-17.04.27:258][931]LogModuleManager: Shutting down and abandoning module Sequencer (190)
[2017.08.07-17.04.27:258][931]LogModuleManager: Shutting down and abandoning module AssetTools (188)
[2017.08.07-17.04.27:258][931]LogModuleManager: Shutting down and abandoning module MessageLog (187)
[2017.08.07-17.04.27:258][931]LogModuleManager: Shutting down and abandoning module WorkspaceMenuStructure (186)
[2017.08.07-17.04.27:258][931]LogModuleManager: Shutting down and abandoning module SlateReflector (180)
[2017.08.07-17.04.27:258][931]LogModuleManager: Shutting down and abandoning module Slate (178)
[2017.08.07-17.04.27:258][931]LogModuleManager: Shutting down and abandoning module EditorStyle (176)
[2017.08.07-17.04.27:261][931]LogModuleManager: Shutting down and abandoning module SourceCodeAccess (174)
[2017.08.07-17.04.27:261][931]LogModuleManager: Shutting down and abandoning module HeadMountedDisplay (172)
[2017.08.07-17.04.27:261][931]LogModuleManager: Shutting down and abandoning module XAudio2 (170)
[2017.08.07-17.04.27:261][931]LogModuleManager: Shutting down and abandoning module Networking (168)
[2017.08.07-17.04.27:261][931]LogModuleManager: Shutting down and abandoning module Core (164)
[2017.08.07-17.04.27:261][931]LogModuleManager: Shutting down and abandoning module AssetRegistry (162)
[2017.08.07-17.04.27:514][931]LogDirectoryWatcher: A directory notification for '../../../Engine/Content/' was aborted.
[2017.08.07-17.04.27:514][931]LogDirectoryWatcher: A directory notification for '../../../../../../Dhasu/Github/BuildingEscape/Content/' was aborted.
[2017.08.07-17.04.27:514][931]LogDirectoryWatcher: A directory notification for '../../../Engine/Plugins/2D/Paper2D/Content/' was aborted.
[2017.08.07-17.04.27:514][931]LogDirectoryWatcher: A directory notification for '../../../Engine/Plugins/Runtime/GearVR/Content/' was aborted.
[2017.08.07-17.04.27:518][931]LogModuleManager: Shutting down and abandoning module DirectoryWatcher (161)
[2017.08.07-17.04.27:524][931]LogModuleManager: Shutting down and abandoning module KismetCompiler (158)
[2017.08.07-17.04.27:524][931]LogModuleManager: Shutting down and abandoning module LevelSequence (156)
[2017.08.07-17.04.27:524][931]LogModuleManager: Shutting down and abandoning module PhysXFormats (154)
[2017.08.07-17.04.27:525][931]LogModuleManager: Shutting down and abandoning module MeshUtilities (152)
[2017.08.07-17.04.27:525][931]LogModuleManager: Shutting down and abandoning module SimplygonSwarm (151)
[2017.08.07-17.04.27:525][931]LogModuleManager: Shutting down and abandoning module SimplygonMeshReduction (149)
[2017.08.07-17.04.27:525][931]LogModuleManager: Shutting down and abandoning module QuadricMeshReduction (147)
[2017.08.07-17.04.27:525][931]LogModuleManager: Shutting down and abandoning module DerivedDataCache (144)
[2017.08.07-17.04.27:551][931]LogDerivedDataCache: Shutdown
[2017.08.07-17.04.27:551][931]LogModuleManager: Shutting down and abandoning module TargetPlatform (142)
[2017.08.07-17.04.27:551][931]LogModuleManager: Shutting down and abandoning module VulkanShaderFormat (141)
[2017.08.07-17.04.27:551][931]LogModuleManager: Shutting down and abandoning module ShaderFormatVectorVM (139)
[2017.08.07-17.04.27:551][931]LogModuleManager: Shutting down and abandoning module ShaderFormatOpenGL (137)
[2017.08.07-17.04.27:551][931]LogModuleManager: Shutting down and abandoning module ShaderFormatD3D (135)
[2017.08.07-17.04.27:551][931]LogModuleManager: Shutting down and abandoning module MetalShaderFormat (133)
[2017.08.07-17.04.27:551][931]LogModuleManager: Shutting down and abandoning module TextureFormatUncompressed (131)
[2017.08.07-17.04.27:551][931]LogModuleManager: Shutting down and abandoning module TextureFormatPVR (129)
[2017.08.07-17.04.27:551][931]LogModuleManager: Shutting down and abandoning module TextureFormatDXT (127)
[2017.08.07-17.04.27:551][931]LogModuleManager: Shutting down and abandoning module TextureFormatIntelISPCTexComp (125)
[2017.08.07-17.04.27:551][931]LogModuleManager: Shutting down and abandoning module TextureFormatASTC (123)
[2017.08.07-17.04.27:551][931]LogModuleManager: Shutting down and abandoning module ImageWrapper (122)
[2017.08.07-17.04.27:551][931]LogModuleManager: Shutting down and abandoning module TextureFormatAndroid (119)
[2017.08.07-17.04.27:551][931]LogModuleManager: Shutting down and abandoning module AudioFormatOpus (117)
[2017.08.07-17.04.27:551][931]LogModuleManager: Shutting down and abandoning module AudioFormatOgg (115)
[2017.08.07-17.04.27:551][931]LogModuleManager: Shutting down and abandoning module AudioFormatADPCM (113)
[2017.08.07-17.04.27:551][931]LogModuleManager: Shutting down and abandoning module LinuxTargetPlatform (111)
[2017.08.07-17.04.27:551][931]LogModuleManager: Shutting down and abandoning module LinuxServerTargetPlatform (109)
[2017.08.07-17.04.27:551][931]LogModuleManager: Shutting down and abandoning module LinuxNoEditorTargetPlatform (107)
[2017.08.07-17.04.27:551][931]LogModuleManager: Shutting down and abandoning module LinuxClientTargetPlatform (105)
[2017.08.07-17.04.27:551][931]LogModuleManager: Shutting down and abandoning module TVOSTargetPlatform (103)
[2017.08.07-17.04.27:551][931]LogModuleManager: Shutting down and abandoning module Messaging (101)
[2017.08.07-17.04.27:552][931]LogModuleManager: Shutting down and abandoning module IOSTargetPlatform (99)
[2017.08.07-17.04.27:552][931]LogModuleManager: Shutting down and abandoning module HTML5TargetPlatform (97)
[2017.08.07-17.04.27:552][931]LogModuleManager: Shutting down and abandoning module Android_PVRTCTargetPlatform (95)
[2017.08.07-17.04.27:552][931]LogModuleManager: Shutting down and abandoning module Android_MultiTargetPlatform (93)
[2017.08.07-17.04.27:552][931]LogModuleManager: Shutting down and abandoning module Android_ETC2TargetPlatform (91)
[2017.08.07-17.04.27:552][931]LogModuleManager: Shutting down and abandoning module Android_ETC1TargetPlatform (89)
[2017.08.07-17.04.27:552][931]LogModuleManager: Shutting down and abandoning module Android_DXTTargetPlatform (87)
[2017.08.07-17.04.27:552][931]LogModuleManager: Shutting down and abandoning module Android_ATCTargetPlatform (85)
[2017.08.07-17.04.27:552][931]LogModuleManager: Shutting down and abandoning module Android_ASTCTargetPlatform (83)
[2017.08.07-17.04.27:552][931]LogModuleManager: Shutting down and abandoning module AndroidTargetPlatform (81)
[2017.08.07-17.04.27:552][931]LogModuleManager: Shutting down and abandoning module WindowsTargetPlatform (79)
[2017.08.07-17.04.27:552][931]LogModuleManager: Shutting down and abandoning module WindowsServerTargetPlatform (77)
[2017.08.07-17.04.27:552][931]LogModuleManager: Shutting down and abandoning module WindowsNoEditorTargetPlatform (75)
[2017.08.07-17.04.27:552][931]LogModuleManager: Shutting down and abandoning module WindowsClientTargetPlatform (73)
[2017.08.07-17.04.27:552][931]LogModuleManager: Shutting down and abandoning module MacTargetPlatform (71)
[2017.08.07-17.04.27:552][931]LogModuleManager: Shutting down and abandoning module MacServerTargetPlatform (69)
[2017.08.07-17.04.27:552][931]LogModuleManager: Shutting down and abandoning module MacNoEditorTargetPlatform (67)
[2017.08.07-17.04.27:552][931]LogModuleManager: Shutting down and abandoning module MacClientTargetPlatform (65)
[2017.08.07-17.04.27:552][931]LogModuleManager: Shutting down and abandoning module AllDesktopTargetPlatform (63)
[2017.08.07-17.04.27:552][931]LogModuleManager: Shutting down and abandoning module InputCore (60)
[2017.08.07-17.04.27:552][931]LogModuleManager: Shutting down and abandoning module Settings (58)
[2017.08.07-17.04.27:552][931]LogModuleManager: Shutting down and abandoning module OculusRift (56)
[2017.08.07-17.04.27:552][931]LogModuleManager: Shutting down and abandoning module GearVRController (54)
[2017.08.07-17.04.27:552][931]LogModuleManager: Shutting down and abandoning module GearVR (52)
[2017.08.07-17.04.27:552][931]LogModuleManager: Shutting down and abandoning module ExampleDeviceProfileSelector (50)
[2017.08.07-17.04.27:552][931]LogModuleManager: Shutting down and abandoning module OnlineBlueprintSupport (48)
[2017.08.07-17.04.27:552][931]LogModuleManager: Shutting down and abandoning module OnlineSubsystem (44)
[2017.08.07-17.04.27:552][931]LogOnline:Display: Unloading online subsystem: NULL
[2017.08.07-17.04.27:552][931]LogModuleManager: Shutting down and abandoning module XMPP (43)
[2017.08.07-17.04.27:552][931]LogModuleManager: Shutting down and abandoning module HTTP (41)
[2017.08.07-17.04.27:552][931]LogHttp:Display: Http module shutting down, but needs to wait on 1 outstanding Http requests:
[2017.08.07-17.04.27:552][931]LogHttp:Display: 	verb=[POST] url=[https://datarouter.ol.epicgames.com/datarouter/api/v1/public/data?SessionID=%7BC748B044-4AE7-AD85-23EA-38B07DF22A9A%7D&AppID=UEEditor.Rocket.Release&AppVersion=4.16.3-3561208%2B%2B%2BUE4%2BRelease-4.16&UserID=e48c6f124927d15d1c26e58a6a1115c7%7Cdbc5ef97dc1440e2912b77c31cd46b7d%7C9a63a90d-7a58-42ea-8046-10c350e94899&AppEnvironment=datacollector-binary&UploadType=eteventstream] status=Processing
[2017.08.07-17.04.27:584][931]LogModuleManager: Shutting down and abandoning module SSL (40)
[2017.08.07-17.04.27:586][931]LogModuleManager: Shutting down and abandoning module HTTPChunkInstaller (36)
[2017.08.07-17.04.27:586][931]LogModuleManager: Shutting down and abandoning module AnimationModifiers (34)
[2017.08.07-17.04.27:586][931]LogModuleManager: Shutting down and abandoning module PropertyEditor (33)
[2017.08.07-17.04.27:586][931]LogModuleManager: Shutting down and abandoning module AudioEditor (30)
[2017.08.07-17.04.27:586][931]LogModuleManager: Shutting down and abandoning module TextureCompressor (28)
[2017.08.07-17.04.27:586][931]LogModuleManager: Shutting down and abandoning module ShaderCore (26)
[2017.08.07-17.04.27:586][931]LogModuleManager: Shutting down and abandoning module Landscape (24)
[2017.08.07-17.04.27:586][931]LogModuleManager: Shutting down and abandoning module SlateRHIRenderer (22)
[2017.08.07-17.04.27:590][931]LogModuleManager: Shutting down and abandoning module OpenGLDrv (20)
[2017.08.07-17.04.27:590][931]LogModuleManager: Shutting down and abandoning module D3D11RHI (18)
[2017.08.07-17.04.27:590][931]LogModuleManager: Shutting down and abandoning module AnimGraphRuntime (16)
[2017.08.07-17.04.27:590][931]LogModuleManager: Shutting down and abandoning module Renderer (14)
[2017.08.07-17.04.27:590][931]LogModuleManager: Shutting down and abandoning module Engine (12)
[2017.08.07-17.04.27:590][931]LogModuleManager: Shutting down and abandoning module CoreUObject (10)
[2017.08.07-17.04.27:590][931]LogModuleManager: Shutting down and abandoning module NetworkFile (8)
[2017.08.07-17.04.27:590][931]LogModuleManager: Shutting down and abandoning module StreamingFile (6)
[2017.08.07-17.04.27:590][931]LogModuleManager: Shutting down and abandoning module SandboxFile (4)
[2017.08.07-17.04.27:590][931]LogModuleManager: Shutting down and abandoning module PakFile (2)
[2017.08.07-17.04.27:593][931]LogExit: Exiting.
[2017.08.07-17.04.27:606][931]Log file closed, 08/07/17 22:34:27
